# JRE version: OpenJDK Runtime Environment Temurin-21.0.3+9 (21.0.3+9) (build 21.0.3+9-LTS)
# Java VM: OpenJDK 64-Bit Server VM Temurin-21.0.3+9 (21.0.3+9-LTS, mixed mode, emulated-client, tiered, compressed oops, compressed class ptrs, g1 gc, linux-amd64)
GC Precious Log:
 CardTable entry size: 512
 Card Set container configuration: InlinePtr #cards 4 size 8 Array Of Cards #cards 16 size 48 Howl #buckets 8 coarsen threshold 3686 Howl Bitmap #cards 512 size 80 coarsen threshold 460 Card regions per heap region 1 cards per card region 4096
 CPUs: 8 total, 8 available
 Memory: 15371M
 Large Page Support: Disabled
 NUMA Support: Disabled
 Compressed Oops: Enabled (Zero based)
 Heap Region Size: 2M
 Heap Min Capacity: 8M
 Heap Initial Capacity: 242M
 Heap Max Capacity: 3844M
 Pre-touch: Disabled
 Parallel Workers: 8
 Concurrent Workers: 2
 Concurrent Refinement Workers: 8
 Periodic GC: Disabled
Heap:
 garbage-first heap   total 260096K, used 138717K [0x000000070fc00000, 0x0000000800000000)
  region size 2048K, 28 young (57344K), 0 survivors (0K)
 Metaspace       used 123089K, committed 124544K, reserved 1179648K
  class space    used 10295K, committed 11008K, reserved 1048576K
GC Heap History (20 events):
Event: 4829.816 GC heap before
{Heap before GC invocations=89 (full 19):
 garbage-first heap   total 260096K, used 120314K [0x000000070fc00000, 0x0000000800000000)
  region size 2048K, 30 young (61440K), 4 survivors (8192K)
 Metaspace       used 103978K, committed 105280K, reserved 1179648K
  class space    used 9398K, committed 10048K, reserved 1048576K
}
Event: 4829.901 GC heap after
{Heap after GC invocations=90 (full 20):
 garbage-first heap   total 260096K, used 67945K [0x000000070fc00000, 0x0000000800000000)
  region size 2048K, 0 young (0K), 0 survivors (0K)
 Metaspace       used 103925K, committed 105280K, reserved 1179648K
  class space    used 9390K, committed 10048K, reserved 1048576K
}
Event: 4881.817 GC heap before
{Heap before GC invocations=90 (full 20):
 garbage-first heap   total 260096K, used 184681K [0x000000070fc00000, 0x0000000800000000)
  region size 2048K, 59 young (120832K), 0 survivors (0K)
 Metaspace       used 106235K, committed 107584K, reserved 1179648K
  class space    used 9509K, committed 10176K, reserved 1048576K
}
Event: 4881.892 GC heap after
{Heap after GC invocations=91 (full 21):
 garbage-first heap   total 260096K, used 70473K [0x000000070fc00000, 0x0000000800000000)
  region size 2048K, 0 young (0K), 0 survivors (0K)
 Metaspace       used 106182K, committed 107584K, reserved 1179648K
  class space    used 9500K, committed 10176K, reserved 1048576K
}
Event: 4920.603 GC heap before
{Heap before GC invocations=91 (full 21):
 garbage-first heap   total 260096K, used 185161K [0x000000070fc00000, 0x0000000800000000)
  region size 2048K, 58 young (118784K), 0 survivors (0K)
 Metaspace       used 108492K, committed 109888K, reserved 1179648K
  class space    used 9619K, committed 10304K, reserved 1048576K
}
Event: 4920.667 GC heap after
{Heap after GC invocations=92 (full 22):
 garbage-first heap   total 260096K, used 72996K [0x000000070fc00000, 0x0000000800000000)
  region size 2048K, 0 young (0K), 0 survivors (0K)
 Metaspace       used 108439K, committed 109888K, reserved 1179648K
  class space    used 9611K, committed 10304K, reserved 1048576K
}
Event: 4972.441 GC heap before
{Heap before GC invocations=92 (full 22):
 garbage-first heap   total 260096K, used 193828K [0x000000070fc00000, 0x0000000800000000)
  region size 2048K, 60 young (122880K), 0 survivors (0K)
 Metaspace       used 110948K, committed 112384K, reserved 1179648K
  class space    used 9731K, committed 10432K, reserved 1048576K
}
Event: 4972.514 GC heap after
{Heap after GC invocations=93 (full 23):
 garbage-first heap   total 260096K, used 75406K [0x000000070fc00000, 0x0000000800000000)
  region size 2048K, 0 young (0K), 0 survivors (0K)
 Metaspace       used 110895K, committed 112384K, reserved 1179648K
  class space    used 9722K, committed 10432K, reserved 1048576K
}
Event: 5095.237 GC heap before
{Heap before GC invocations=93 (full 23):
 garbage-first heap   total 260096K, used 206478K [0x000000070fc00000, 0x0000000800000000)
  region size 2048K, 66 young (135168K), 0 survivors (0K)
 Metaspace       used 113372K, committed 114816K, reserved 1179648K
  class space    used 9842K, committed 10560K, reserved 1048576K
}
Event: 5095.316 GC heap after
{Heap after GC invocations=94 (full 24):
 garbage-first heap   total 260096K, used 78054K [0x000000070fc00000, 0x0000000800000000)
  region size 2048K, 0 young (0K), 0 survivors (0K)
 Metaspace       used 113309K, committed 114816K, reserved 1179648K
  class space    used 9831K, committed 10560K, reserved 1048576K
}
Event: 5098.220 GC heap before
{Heap before GC invocations=94 (full 24):
 garbage-first heap   total 260096K, used 184550K [0x000000070fc00000, 0x0000000800000000)
  region size 2048K, 54 young (110592K), 0 survivors (0K)
 Metaspace       used 115811K, committed 117312K, reserved 1179648K
  class space    used 9950K, committed 10688K, reserved 1048576K
}
Event: 5098.319 GC heap after
{Heap after GC invocations=95 (full 25):
 garbage-first heap   total 260096K, used 79071K [0x000000070fc00000, 0x0000000800000000)
  region size 2048K, 0 young (0K), 0 survivors (0K)
 Metaspace       used 115650K, committed 117312K, reserved 1179648K
  class space    used 9913K, committed 10688K, reserved 1048576K
}
Event: 5119.900 GC heap before
{Heap before GC invocations=95 (full 25):
 garbage-first heap   total 260096K, used 191711K [0x000000070fc00000, 0x0000000800000000)
  region size 2048K, 57 young (116736K), 0 survivors (0K)
 Metaspace       used 117971K, committed 119424K, reserved 1179648K
  class space    used 10035K, committed 10752K, reserved 1048576K
}
Event: 5119.991 GC heap after
{Heap after GC invocations=96 (full 26):
 garbage-first heap   total 260096K, used 81754K [0x000000070fc00000, 0x0000000800000000)
  region size 2048K, 0 young (0K), 0 survivors (0K)
 Metaspace       used 117918K, committed 119424K, reserved 1179648K
  class space    used 10026K, committed 10752K, reserved 1048576K
}
Event: 5155.700 GC heap before
{Heap before GC invocations=96 (full 26):
 garbage-first heap   total 260096K, used 196442K [0x000000070fc00000, 0x0000000800000000)
  region size 2048K, 58 young (118784K), 0 survivors (0K)
 Metaspace       used 120230K, committed 121664K, reserved 1179648K
  class space    used 10146K, committed 10816K, reserved 1048576K
}
Event: 5155.773 GC heap after
{Heap after GC invocations=97 (full 27):
 garbage-first heap   total 260096K, used 84428K [0x000000070fc00000, 0x0000000800000000)
  region size 2048K, 0 young (0K), 0 survivors (0K)
 Metaspace       used 120177K, committed 121664K, reserved 1179648K
  class space    used 10138K, committed 10816K, reserved 1048576K
}
Event: 5289.021 GC heap before
{Heap before GC invocations=97 (full 27):
 garbage-first heap   total 260096K, used 213452K [0x000000070fc00000, 0x0000000800000000)
  region size 2048K, 64 young (131072K), 0 survivors (0K)
 Metaspace       used 122478K, committed 123904K, reserved 1179648K
  class space    used 10253K, committed 10944K, reserved 1048576K
}
Event: 5289.027 GC heap after
{Heap after GC invocations=98 (full 27):
 garbage-first heap   total 260096K, used 89846K [0x000000070fc00000, 0x0000000800000000)
  region size 2048K, 3 young (6144K), 3 survivors (6144K)
 Metaspace       used 122478K, committed 123904K, reserved 1179648K
  class space    used 10253K, committed 10944K, reserved 1048576K
}
Event: 5343.360 GC heap before
{Heap before GC invocations=99 (full 27):
 garbage-first heap   total 260096K, used 102134K [0x000000070fc00000, 0x0000000800000000)
  region size 2048K, 10 young (20480K), 3 survivors (6144K)
 Metaspace       used 122469K, committed 123904K, reserved 1179648K
  class space    used 10251K, committed 10944K, reserved 1048576K
}
Event: 5343.451 GC heap after
{Heap after GC invocations=100 (full 28):
 garbage-first heap   total 260096K, used 85469K [0x000000070fc00000, 0x0000000800000000)
  region size 2048K, 0 young (0K), 0 survivors (0K)
 Metaspace       used 122416K, committed 123904K, reserved 1179648K
  class space    used 10242K, committed 10944K, reserved 1048576K
}

